Arguments: 
  /usr/local/Cellar/node/12.8.0/bin/node /usr/local/Cellar/yarn/1.17.3/libexec/bin/yarn.js add -g create-react-app

PATH: 
  /Users/danvernon/.rvm/gems/ruby-2.5.1@ck/bin:/Users/danvernon/.rvm/gems/ruby-2.5.1@global/bin:/Users/danvernon/.rvm/rubies/ruby-2.5.1/bin:/usr/local/bin:/usr/bin:/bin:/usr/sbin:/sbin:/usr/local/MacGPG2/bin:/Users/danvernon/.go/bin:/usr/local/opt/go/libexec/bin:/Users/danvernon/code/ck/bin:/Users/danvernon/.go/bin:/usr/local/opt/go/libexec/bin:/Users/danvernon/.rvm/bin

Yarn version: 
  1.17.3

Node version: 
  12.8.0

Platform: 
  darwin x64

Trace: 
  SyntaxError: /Users/danvernon/code/whatsflunch/package.json: Unexpected end of JSON input
      at JSON.parse (<anonymous>)
      at /usr/local/Cellar/yarn/1.17.3/libexec/lib/cli.js:1625:59
      at Generator.next (<anonymous>)
      at step (/usr/local/Cellar/yarn/1.17.3/libexec/lib/cli.js:304:30)
      at /usr/local/Cellar/yarn/1.17.3/libexec/lib/cli.js:315:13

npm manifest: 
  

yarn manifest: 
  No manifest

Lockfile: 
  # THIS IS AN AUTOGENERATED FILE. DO NOT EDIT THIS FILE DIRECTLY.
  # yarn lockfile v1
